This is e-pTeX, Version 3.14159265-p3.8.0-180226-2.6 (utf8.euc) (TeX Live 2018) (preloaded format=platex 2019.3.11)  15 JUL 2023 23:19
entering extended mode
 restricted \write18 enabled.
 %&-line parsing enabled.
**Contents/002/PhD_002.tex
(./Contents/002/PhD_002.tex
pLaTeX2e <2018-04-01>+1 (based on LaTeX2e <2018-04-01> patch level 2)
Babel <3.18> and hyphenation patterns for 84 language(s) loaded.
! Undefined control sequence.
l.6 \section
            {Super-Kamiokande}\label{Section_002} 
Here is how much of TeX's memory you used:
 5 strings out of 493281
 81 string characters out of 6145041
 60763 words of memory out of 5000000
 4035 multiletter control sequences out of 15000+600000
 7511 words of font info for 31 fonts, out of 8000000 for 9000
 929 hyphenation exceptions out of 8191
 5i,0n,3p,72b,8s stack positions out of 5000i,500n,10000p,200000b,80000s

No pages of output.
